  IBoard.cpp
D:\Programming\C++\raylib\ChessBurger\ChessBurger\Guides\Highlight.h(26,28): warning C4244: 'argument': conversion from 'float' to 'int', possible loss of data
D:\Programming\C++\raylib\ChessBurger\ChessBurger\Guides\Highlight.h(26,21): warning C4244: 'argument': conversion from 'float' to 'int', possible loss of data
D:\Programming\C++\raylib\ChessBurger\ChessBurger\Guides\Highlight.h(29,42): warning C4244: 'argument': conversion from 'const float' to 'int', possible loss of data
D:\Programming\C++\raylib\ChessBurger\ChessBurger\Guides\Highlight.h(29,28): warning C4244: 'argument': conversion from 'const float' to 'int', possible loss of data
D:\Programming\C++\raylib\ChessBurger\ChessBurger\Guides\Arrow.h(30,36): warning C4244: 'argument': conversion from 'uint32_t' to 'float', possible loss of data
D:\Programming\C++\raylib\ChessBurger\ChessBurger\Guides\Arrow.h(33,45): warning C4244: 'argument': conversion from 'uint32_t' to 'float', possible loss of data
D:\Programming\C++\raylib\ChessBurger\ChessBurger\Guides\Spot.h(27,25): warning C4244: 'argument': conversion from 'float' to 'int', possible loss of data
D:\Programming\C++\raylib\ChessBurger\ChessBurger\Guides\Spot.h(27,18): warning C4244: 'argument': conversion from 'float' to 'int', possible loss of data
D:\Programming\C++\raylib\ChessBurger\ChessBurger\Guides\Spot.h(30,39): warning C4244: 'argument': conversion from 'const float' to 'int', possible loss of data
D:\Programming\C++\raylib\ChessBurger\ChessBurger\Guides\Spot.h(30,25): warning C4244: 'argument': conversion from 'const float' to 'int', possible loss of data
D:\Programming\C++\raylib\ChessBurger\ChessBurger\Board\IBoard.cpp(158,35): warning C4267: '=': conversion from 'size_t' to 'int32_t', possible loss of data
D:\Programming\C++\raylib\ChessBurger\ChessBurger\Board\IBoard.cpp(266,18): warning C4244: 'initializing': conversion from 'int' to 'float', possible loss of data
D:\Programming\C++\raylib\ChessBurger\ChessBurger\Board\IBoard.cpp(276,29): warning C4244: '=': conversion from 'int' to 'float', possible loss of data
D:\Programming\C++\raylib\ChessBurger\ChessBurger\Board\IBoard.cpp(280,27): warning C4244: '=': conversion from 'float' to 'uint32_t', possible loss of data
D:\Programming\C++\raylib\ChessBurger\ChessBurger\Board\IBoard.cpp(297,29): warning C4244: '=': conversion from 'float' to 'uint32_t', possible loss of data
D:\Programming\C++\raylib\ChessBurger\ChessBurger\Board\IBoard.cpp(298,13): warning C4244: 'initializing': conversion from 'float' to 'int', possible loss of data
D:\Programming\C++\raylib\ChessBurger\ChessBurger\Board\IBoard.cpp(328,71): warning C4244: 'argument': conversion from 'float' to 'int', possible loss of data
D:\Programming\C++\raylib\ChessBurger\ChessBurger\Board\IBoard.cpp(328,35): warning C4244: 'argument': conversion from 'float' to 'int', possible loss of data
D:\Programming\C++\raylib\ChessBurger\ChessBurger\Board\IBoard.cpp(331,71): warning C4244: 'argument': conversion from 'float' to 'int', possible loss of data
D:\Programming\C++\raylib\ChessBurger\ChessBurger\Board\IBoard.cpp(331,35): warning C4244: 'argument': conversion from 'float' to 'int', possible loss of data
D:\Programming\C++\raylib\ChessBurger\ChessBurger\Board\IBoard.cpp(514,36): warning C4267: '=': conversion from 'size_t' to 'int32_t', possible loss of data
D:\Programming\C++\raylib\ChessBurger\ChessBurger\Board\IBoard.cpp(565,63): warning C4244: 'argument': conversion from 'float' to 'int8_t', possible loss of data
D:\Programming\C++\raylib\ChessBurger\ChessBurger\Board\IBoard.cpp(567,63): warning C4244: 'argument': conversion from 'float' to 'int8_t', possible loss of data
D:\Programming\C++\raylib\ChessBurger\ChessBurger\Board\IBoard.cpp(624,63): warning C4244: 'argument': conversion from 'float' to 'int8_t', possible loss of data
D:\Programming\C++\raylib\ChessBurger\ChessBurger\Board\IBoard.cpp(626,63): warning C4244: 'argument': conversion from 'float' to 'int8_t', possible loss of data
D:\Programming\C++\raylib\ChessBurger\ChessBurger\Board\IBoard.cpp(881,17): warning C4244: 'initializing': conversion from 'float' to 'int', possible loss of data
D:\Programming\C++\raylib\ChessBurger\ChessBurger\Board\IBoard.cpp(881,35): warning C4244: 'initializing': conversion from 'float' to 'int', possible loss of data
D:\Programming\C++\raylib\ChessBurger\ChessBurger\Board\IBoard.cpp(894,17): warning C4244: 'initializing': conversion from 'float' to 'int', possible loss of data
D:\Programming\C++\raylib\ChessBurger\ChessBurger\Board\IBoard.cpp(894,35): warning C4244: 'initializing': conversion from 'float' to 'int', possible loss of data
D:\Programming\C++\raylib\ChessBurger\ChessBurger\Board\IBoard.cpp(907,17): warning C4244: 'initializing': conversion from 'float' to 'int', possible loss of data
D:\Programming\C++\raylib\ChessBurger\ChessBurger\Board\IBoard.cpp(907,35): warning C4244: 'initializing': conversion from 'float' to 'int', possible loss of data
D:\Programming\C++\raylib\ChessBurger\ChessBurger\Board\IBoard.cpp(920,17): warning C4244: 'initializing': conversion from 'float' to 'int', possible loss of data
D:\Programming\C++\raylib\ChessBurger\ChessBurger\Board\IBoard.cpp(920,35): warning C4244: 'initializing': conversion from 'float' to 'int', possible loss of data
D:\Programming\C++\raylib\ChessBurger\ChessBurger\Board\IBoard.cpp(937,17): warning C4244: 'initializing': conversion from 'float' to 'int', possible loss of data
D:\Programming\C++\raylib\ChessBurger\ChessBurger\Board\IBoard.cpp(950,17): warning C4244: 'initializing': conversion from 'float' to 'int', possible loss of data
D:\Programming\C++\raylib\ChessBurger\ChessBurger\Board\IBoard.cpp(963,17): warning C4244: 'initializing': conversion from 'float' to 'int', possible loss of data
D:\Programming\C++\raylib\ChessBurger\ChessBurger\Board\IBoard.cpp(976,17): warning C4244: 'initializing': conversion from 'float' to 'int', possible loss of data
D:\Programming\C++\raylib\ChessBurger\ChessBurger\Board\IBoard.cpp(993,17): warning C4244: 'initializing': conversion from 'float' to 'int', possible loss of data
D:\Programming\C++\raylib\ChessBurger\ChessBurger\Board\IBoard.cpp(993,35): warning C4244: 'initializing': conversion from 'float' to 'int', possible loss of data
D:\Programming\C++\raylib\ChessBurger\ChessBurger\Board\IBoard.cpp(1006,17): warning C4244: 'initializing': conversion from 'float' to 'int', possible loss of data
D:\Programming\C++\raylib\ChessBurger\ChessBurger\Board\IBoard.cpp(1006,35): warning C4244: 'initializing': conversion from 'float' to 'int', possible loss of data
D:\Programming\C++\raylib\ChessBurger\ChessBurger\Board\IBoard.cpp(1019,17): warning C4244: 'initializing': conversion from 'float' to 'int', possible loss of data
D:\Programming\C++\raylib\ChessBurger\ChessBurger\Board\IBoard.cpp(1019,35): warning C4244: 'initializing': conversion from 'float' to 'int', possible loss of data
D:\Programming\C++\raylib\ChessBurger\ChessBurger\Board\IBoard.cpp(1032,17): warning C4244: 'initializing': conversion from 'float' to 'int', possible loss of data
D:\Programming\C++\raylib\ChessBurger\ChessBurger\Board\IBoard.cpp(1032,35): warning C4244: 'initializing': conversion from 'float' to 'int', possible loss of data
D:\Programming\C++\raylib\ChessBurger\ChessBurger\Board\IBoard.cpp(1046,17): warning C4244: 'initializing': conversion from 'float' to 'int', possible loss of data
D:\Programming\C++\raylib\ChessBurger\ChessBurger\Board\IBoard.cpp(1059,17): warning C4244: 'initializing': conversion from 'float' to 'int', possible loss of data
D:\Programming\C++\raylib\ChessBurger\ChessBurger\Board\IBoard.cpp(1072,17): warning C4244: 'initializing': conversion from 'float' to 'int', possible loss of data
D:\Programming\C++\raylib\ChessBurger\ChessBurger\Board\IBoard.cpp(1085,17): warning C4244: 'initializing': conversion from 'float' to 'int', possible loss of data
D:\Programming\C++\raylib\ChessBurger\ChessBurger\Board\IBoard.cpp(1102,17): warning C4244: 'initializing': conversion from 'float' to 'int', possible loss of data
D:\Programming\C++\raylib\ChessBurger\ChessBurger\Board\IBoard.cpp(1103,17): warning C4244: 'initializing': conversion from 'float' to 'int', possible loss of data
D:\Programming\C++\raylib\ChessBurger\ChessBurger\Board\IBoard.cpp(1104,15): warning C4244: 'initializing': conversion from 'float' to 'int', possible loss of data
D:\Programming\C++\raylib\ChessBurger\ChessBurger\Board\IBoard.cpp(1105,15): warning C4244: 'initializing': conversion from 'float' to 'int', possible loss of data
D:\Programming\C++\raylib\ChessBurger\ChessBurger\Board\IBoard.cpp(1169,17): warning C4244: 'initializing': conversion from 'float' to 'int', possible loss of data
D:\Programming\C++\raylib\ChessBurger\ChessBurger\Board\IBoard.cpp(1169,35): warning C4244: 'initializing': conversion from 'float' to 'int', possible loss of data
D:\Programming\C++\raylib\ChessBurger\ChessBurger\Board\IBoard.cpp(1182,17): warning C4244: 'initializing': conversion from 'float' to 'int', possible loss of data
D:\Programming\C++\raylib\ChessBurger\ChessBurger\Board\IBoard.cpp(1182,35): warning C4244: 'initializing': conversion from 'float' to 'int', possible loss of data
D:\Programming\C++\raylib\ChessBurger\ChessBurger\Board\IBoard.cpp(1195,17): warning C4244: 'initializing': conversion from 'float' to 'int', possible loss of data
D:\Programming\C++\raylib\ChessBurger\ChessBurger\Board\IBoard.cpp(1195,35): warning C4244: 'initializing': conversion from 'float' to 'int', possible loss of data
D:\Programming\C++\raylib\ChessBurger\ChessBurger\Board\IBoard.cpp(1208,17): warning C4244: 'initializing': conversion from 'float' to 'int', possible loss of data
D:\Programming\C++\raylib\ChessBurger\ChessBurger\Board\IBoard.cpp(1208,35): warning C4244: 'initializing': conversion from 'float' to 'int', possible loss of data
D:\Programming\C++\raylib\ChessBurger\ChessBurger\Board\IBoard.cpp(1225,17): warning C4244: 'initializing': conversion from 'float' to 'int', possible loss of data
D:\Programming\C++\raylib\ChessBurger\ChessBurger\Board\IBoard.cpp(1238,17): warning C4244: 'initializing': conversion from 'float' to 'int', possible loss of data
D:\Programming\C++\raylib\ChessBurger\ChessBurger\Board\IBoard.cpp(1251,17): warning C4244: 'initializing': conversion from 'float' to 'int', possible loss of data
D:\Programming\C++\raylib\ChessBurger\ChessBurger\Board\IBoard.cpp(1264,17): warning C4244: 'initializing': conversion from 'float' to 'int', possible loss of data
D:\Programming\C++\raylib\ChessBurger\ChessBurger\Board\IBoard.cpp(1281,17): warning C4244: 'initializing': conversion from 'float' to 'int', possible loss of data
D:\Programming\C++\raylib\ChessBurger\ChessBurger\Board\IBoard.cpp(1281,35): warning C4244: 'initializing': conversion from 'float' to 'int', possible loss of data
D:\Programming\C++\raylib\ChessBurger\ChessBurger\Board\IBoard.cpp(1294,17): warning C4244: 'initializing': conversion from 'float' to 'int', possible loss of data
D:\Programming\C++\raylib\ChessBurger\ChessBurger\Board\IBoard.cpp(1294,35): warning C4244: 'initializing': conversion from 'float' to 'int', possible loss of data
D:\Programming\C++\raylib\ChessBurger\ChessBurger\Board\IBoard.cpp(1307,17): warning C4244: 'initializing': conversion from 'float' to 'int', possible loss of data
D:\Programming\C++\raylib\ChessBurger\ChessBurger\Board\IBoard.cpp(1307,35): warning C4244: 'initializing': conversion from 'float' to 'int', possible loss of data
D:\Programming\C++\raylib\ChessBurger\ChessBurger\Board\IBoard.cpp(1320,17): warning C4244: 'initializing': conversion from 'float' to 'int', possible loss of data
D:\Programming\C++\raylib\ChessBurger\ChessBurger\Board\IBoard.cpp(1320,35): warning C4244: 'initializing': conversion from 'float' to 'int', possible loss of data
D:\Programming\C++\raylib\ChessBurger\ChessBurger\Board\IBoard.cpp(1334,17): warning C4244: 'initializing': conversion from 'float' to 'int', possible loss of data
D:\Programming\C++\raylib\ChessBurger\ChessBurger\Board\IBoard.cpp(1347,17): warning C4244: 'initializing': conversion from 'float' to 'int', possible loss of data
D:\Programming\C++\raylib\ChessBurger\ChessBurger\Board\IBoard.cpp(1360,17): warning C4244: 'initializing': conversion from 'float' to 'int', possible loss of data
D:\Programming\C++\raylib\ChessBurger\ChessBurger\Board\IBoard.cpp(1373,17): warning C4244: 'initializing': conversion from 'float' to 'int', possible loss of data
D:\Programming\C++\raylib\ChessBurger\ChessBurger\Board\IBoard.cpp(1390,17): warning C4244: 'initializing': conversion from 'float' to 'int', possible loss of data
D:\Programming\C++\raylib\ChessBurger\ChessBurger\Board\IBoard.cpp(1391,17): warning C4244: 'initializing': conversion from 'float' to 'int', possible loss of data
D:\Programming\C++\raylib\ChessBurger\ChessBurger\Board\IBoard.cpp(1392,15): warning C4244: 'initializing': conversion from 'float' to 'int', possible loss of data
D:\Programming\C++\raylib\ChessBurger\ChessBurger\Board\IBoard.cpp(1393,15): warning C4244: 'initializing': conversion from 'float' to 'int', possible loss of data
D:\Programming\C++\raylib\ChessBurger\ChessBurger\Board\IBoard.cpp(1434,13): warning C4244: 'initializing': conversion from 'float' to 'int', possible loss of data
D:\Programming\C++\raylib\ChessBurger\ChessBurger\Board\IBoard.cpp(1443,13): warning C4244: 'initializing': conversion from 'float' to 'int', possible loss of data
D:\Programming\C++\raylib\ChessBurger\ChessBurger\Board\IBoard.cpp(1452,13): warning C4244: 'initializing': conversion from 'float' to 'int', possible loss of data
D:\Programming\C++\raylib\ChessBurger\ChessBurger\Board\IBoard.cpp(1461,13): warning C4244: 'initializing': conversion from 'float' to 'int', possible loss of data
D:\Programming\C++\raylib\ChessBurger\ChessBurger\Board\IBoard.cpp(1471,13): warning C4244: 'initializing': conversion from 'float' to 'int', possible loss of data
D:\Programming\C++\raylib\ChessBurger\ChessBurger\Board\IBoard.cpp(1471,31): warning C4244: 'initializing': conversion from 'float' to 'int', possible loss of data
D:\Programming\C++\raylib\ChessBurger\ChessBurger\Board\IBoard.cpp(1480,13): warning C4244: 'initializing': conversion from 'float' to 'int', possible loss of data
D:\Programming\C++\raylib\ChessBurger\ChessBurger\Board\IBoard.cpp(1480,31): warning C4244: 'initializing': conversion from 'float' to 'int', possible loss of data
D:\Programming\C++\raylib\ChessBurger\ChessBurger\Board\IBoard.cpp(1489,13): warning C4244: 'initializing': conversion from 'float' to 'int', possible loss of data
D:\Programming\C++\raylib\ChessBurger\ChessBurger\Board\IBoard.cpp(1489,31): warning C4244: 'initializing': conversion from 'float' to 'int', possible loss of data
D:\Programming\C++\raylib\ChessBurger\ChessBurger\Board\IBoard.cpp(1498,13): warning C4244: 'initializing': conversion from 'float' to 'int', possible loss of data
D:\Programming\C++\raylib\ChessBurger\ChessBurger\Board\IBoard.cpp(1498,31): warning C4244: 'initializing': conversion from 'float' to 'int', possible loss of data
D:\Programming\C++\raylib\ChessBurger\ChessBurger\Board\IBoard.cpp(1532,13): warning C4244: 'initializing': conversion from 'float' to 'int', possible loss of data
D:\Programming\C++\raylib\ChessBurger\ChessBurger\Board\IBoard.cpp(1533,13): warning C4244: 'initializing': conversion from 'float' to 'int', possible loss of data
D:\Programming\C++\raylib\ChessBurger\ChessBurger\Board\IBoard.cpp(1534,11): warning C4244: 'initializing': conversion from 'float' to 'int', possible loss of data
D:\Programming\C++\raylib\ChessBurger\ChessBurger\Board\IBoard.cpp(1535,11): warning C4244: 'initializing': conversion from 'float' to 'int', possible loss of data
D:\Programming\C++\raylib\ChessBurger\ChessBurger\Board\IBoard.cpp(549): warning C4715: 'IBoard::_Move': not all control paths return a value
  ChessBurger.vcxproj -> D:\Programming\C++\raylib\ChessBurger\bin\Debug\ChessBurger.exe
